[2025-05-08T00:14:13.314Z] [ERRORS] Error: Test error for logging
    at file:///D:/Dropbox/DOCUMENTOS/git/Backend3/Projects/BE-AdoptMe/src/app.js:31:11
    at Layer.handle [as handle_request] (D:\Dropbox\DOCUMENTOS\git\Backend3\Projects\BE-AdoptMe\node_modules\express\lib\router\layer.js:95:5)
    at next (D:\Dropbox\DOCUMENTOS\git\Backend3\Projects\BE-AdoptMe\node_modules\express\lib\router\route.js:149:13)
    at Route.dispatch (D:\Dropbox\DOCUMENTOS\git\Backend3\Projects\BE-AdoptMe\node_modules\express\lib\router\route.js:119:3)
    at Layer.handle [as handle_request] (D:\Dropbox\DOCUMENTOS\git\Backend3\Projects\BE-AdoptMe\node_modules\express\lib\router\layer.js:95:5)
    at D:\Dropbox\DOCUMENTOS\git\Backend3\Projects\BE-AdoptMe\node_modules\express\lib\router\index.js:284:15
    at Function.process_params (D:\Dropbox\DOCUMENTOS\git\Backend3\Projects\BE-AdoptMe\node_modules\express\lib\router\index.js:346:12)
    at next (D:\Dropbox\DOCUMENTOS\git\Backend3\Projects\BE-AdoptMe\node_modules\express\lib\router\index.js:280:10)
    at cookieParser (D:\Dropbox\DOCUMENTOS\git\Backend3\Projects\BE-AdoptMe\node_modules\cookie-parser\index.js:57:14)
    at Layer.handle [as handle_request] (D:\Dropbox\DOCUMENTOS\git\Backend3\Projects\BE-AdoptMe\node_modules\express\lib\router\layer.js:95:5)
[2025-05-08T00:48:50.354Z] [ERRORS] "Error during seeding: MongooseError: The `uri` parameter to `openUri()` must be a string, got \"undefined\". Make sure the first parameter to `mongoose.connect()` or `mongoose.createConnection()` is a string."
[2025-05-08T00:50:25.418Z] [ERRORS] "Error during seeding: MongooseError: The `uri` parameter to `openUri()` must be a string, got \"undefined\". Make sure the first parameter to `mongoose.connect()` or `mongoose.createConnection()` is a string."
[2025-05-08T00:50:56.560Z] [ERRORS] "Error during seeding: MongooseError: The `uri` parameter to `openUri()` must be a string, got \"undefined\". Make sure the first parameter to `mongoose.connect()` or `mongoose.createConnection()` is a string."
[2025-05-08T00:54:01.146Z] [ERRORS] "Error during seeding: MongooseError: The `uri` parameter to `openUri()` must be a string, got \"undefined\". Make sure the first parameter to `mongoose.connect()` or `mongoose.createConnection()` is a string."
[2025-05-08T00:54:14.346Z] [ERRORS] "Error during seeding: MongooseError: The `uri` parameter to `openUri()` must be a string, got \"undefined\". Make sure the first parameter to `mongoose.connect()` or `mongoose.createConnection()` is a string."
[2025-05-08T00:55:57.693Z] [ERRORS] "Error during seeding: ValidationError: last_name: Path `last_name` is required., first_name: Path `first_name` is required."
[2025-05-08T00:57:43.632Z] [ERRORS] "Error during seeding: ValidationError: specie: Path `specie` is required."
[2025-05-08T01:00:45.987Z] [ERRORS] "Error during seeding: ReferenceError: fist_name is not defined"
[2025-05-08T01:10:56.295Z] [ERRORS] SyntaxError: Expected ',' or '}' after property value in JSON at position 114 (line 6 column 5)
    at JSON.parse (<anonymous>)
    at parse (D:\Dropbox\DOCUMENTOS\git\Backend3\Projects\BE-AdoptMe\node_modules\body-parser\lib\types\json.js:92:19)
    at D:\Dropbox\DOCUMENTOS\git\Backend3\Projects\BE-AdoptMe\node_modules\body-parser\lib\read.js:128:18
    at AsyncResource.runInAsyncScope (node:async_hooks:211:14)
    at invokeCallback (D:\Dropbox\DOCUMENTOS\git\Backend3\Projects\BE-AdoptMe\node_modules\raw-body\index.js:238:16)
    at done (D:\Dropbox\DOCUMENTOS\git\Backend3\Projects\BE-AdoptMe\node_modules\raw-body\index.js:227:7)
    at IncomingMessage.onEnd (D:\Dropbox\DOCUMENTOS\git\Backend3\Projects\BE-AdoptMe\node_modules\raw-body\index.js:287:7)
    at IncomingMessage.emit (node:events:513:28)
    at endReadableNT (node:internal/streams/readable:1696:12)
    at process.processTicksAndRejections (node:internal/process/task_queues:90:21)
